<?xml version="1.0" encoding="UTF-8"?>
<!-- Generated by org.testng.reporters.JUnitReportReporter -->
<testsuite skipped="0" hostname="LAPTOP-PFDNJC9Q" name="Main" tests="1" failures="0" timestamp="2021-02-19T15:54:02 CST" time="12.294" errors="0">
  <testcase name="Tarea1" time="12.294" classname="Main"/>
  <system-out/>
</testsuite> <!-- Main -->
